  imgui.cpp
  imgui_demo.cpp
  imgui_draw.cpp
  imgui_impl_glfw.cpp
C:\Users\n.masseteau\Documents\2022_gp_2026rsmngr_gp_2026rsmngr-enma\OpenGL\Includes\ImGUI\imgui_impl_glfw.cpp(66,10): fatal error C1083: Impossible d'ouvrir le fichier include : 'GLFW/glfw3.h' : No such file or directory
  imgui_impl_opengl3.cpp
  imgui_tables.cpp
  imgui_widgets.cpp
  App.cpp
C:\Users\n.masseteau\Documents\2022_gp_2026rsmngr_gp_2026rsmngr-enma\OpenGL\Sources\Core\App.cpp(2,10): fatal error C1083: Impossible d'ouvrir le fichier include : 'ImGUI/imgui.h' : No such file or directory
  Debug.cpp
C:\Users\n.masseteau\Documents\2022_gp_2026rsmngr_gp_2026rsmngr-enma\OpenGL\Sources\Core\Debug.cpp(4,10): fatal error C1083: Impossible d'ouvrir le fichier include : 'Debug.h' : No such file or directory
  EmMaths.cpp
C:\Users\n.masseteau\Documents\2022_gp_2026rsmngr_gp_2026rsmngr-enma\OpenGL\Sources\Core\EmMaths.cpp(1,10): fatal error C1083: Impossible d'ouvrir le fichier include : 'EmMaths.hpp' : No such file or directory
  ThreadManager.cpp
C:\Users\n.masseteau\Documents\2022_gp_2026rsmngr_gp_2026rsmngr-enma\OpenGL\Sources\Core\ThreadManager.cpp(4,10): fatal error C1083: Impossible d'ouvrir le fichier include : 'threadManager.h' : No such file or directory
  Camera.cpp
C:\Users\n.masseteau\Documents\2022_gp_2026rsmngr_gp_2026rsmngr-enma\OpenGL\Sources\LowRenderer\Camera.cpp(1,10): fatal error C1083: Impossible d'ouvrir le fichier include : 'Camera.h' : No such file or directory
  GameObject.cpp
C:\Users\n.masseteau\Documents\2022_gp_2026rsmngr_gp_2026rsmngr-enma\OpenGL\Sources\LowRenderer\GameObject.cpp(1,10): fatal error C1083: Impossible d'ouvrir le fichier include : 'GameObject.h' : No such file or directory
  Light.cpp
C:\Users\n.masseteau\Documents\2022_gp_2026rsmngr_gp_2026rsmngr-enma\OpenGL\Sources\LowRenderer\Light.cpp(1,10): fatal error C1083: Impossible d'ouvrir le fichier include : 'Light.h' : No such file or directory
  Mesh.cpp
C:\Users\n.masseteau\Documents\2022_gp_2026rsmngr_gp_2026rsmngr-enma\OpenGL\Sources\LowRenderer\Mesh.cpp(1,10): fatal error C1083: Impossible d'ouvrir le fichier include : 'IncludeGL.h' : No such file or directory
  Model.cpp
C:\Users\n.masseteau\Documents\2022_gp_2026rsmngr_gp_2026rsmngr-enma\OpenGL\Sources\Resources\Model.cpp(5,10): fatal error C1083: Impossible d'ouvrir le fichier include : 'Model.h' : No such file or directory
  main.cpp
C:\Users\n.masseteau\Documents\2022_gp_2026rsmngr_gp_2026rsmngr-enma\OpenGL\Sources\main.cpp(3,10): fatal error C1083: Impossible d'ouvrir le fichier include : 'STB_Image/stb_image.h' : No such file or directory
  Scene.cpp
C:\Users\n.masseteau\Documents\2022_gp_2026rsmngr_gp_2026rsmngr-enma\OpenGL\Sources\Resources\Scene.cpp(1,10): fatal error C1083: Impossible d'ouvrir le fichier include : 'Scene.h' : No such file or directory
  Scene1.cpp
C:\Users\n.masseteau\Documents\2022_gp_2026rsmngr_gp_2026rsmngr-enma\OpenGL\Sources\Resources\Scene1.cpp(1,10): fatal error C1083: Impossible d'ouvrir le fichier include : 'Scene1.h' : No such file or directory
  Scene2.cpp
C:\Users\n.masseteau\Documents\2022_gp_2026rsmngr_gp_2026rsmngr-enma\OpenGL\Sources\Resources\Scene2.cpp(1,10): fatal error C1083: Impossible d'ouvrir le fichier include : 'Scene2.h' : No such file or directory
  Génération de code en cours...
  Compilation en cours...
  Shader.cpp
C:\Users\n.masseteau\Documents\2022_gp_2026rsmngr_gp_2026rsmngr-enma\OpenGL\Sources\Resources\Shader.cpp(1,10): fatal error C1083: Impossible d'ouvrir le fichier include : 'Shader.h' : No such file or directory
  Texture.cpp
C:\Users\n.masseteau\Documents\2022_gp_2026rsmngr_gp_2026rsmngr-enma\OpenGL\Sources\Resources\Texture.cpp(1,10): fatal error C1083: Impossible d'ouvrir le fichier include : 'STB_Image/stb_image.h' : No such file or directory
  Génération de code en cours...
